2026-04-02 14:33:16 | INFO | CI | === RUN START ===
2026-04-02 14:33:16 | INFO | CI | project=MODULE 4: EVTL PIPELINE
2026-04-02 14:33:16 | INFO | CI | repo_dir=nlp-04-api-text-data
2026-04-02 14:33:16 | INFO | CI | python=3.14.3
2026-04-02 14:33:16 | INFO | CI | os=Darwin 23.4.0
2026-04-02 14:33:16 | INFO | CI | shell=zsh
2026-04-02 14:33:16 | INFO | CI | cwd=.
2026-04-02 14:33:16 | INFO | CI | github_actions=False
2026-04-02 14:33:16 | INFO | CI | START PIPELINE
2026-04-02 14:33:16 | INFO | CI | ROOT_PATH = .
2026-04-02 14:33:16 | INFO | CI | DATA_PATH = data
2026-04-02 14:33:16 | INFO | CI | RAW_PATH = data/raw
2026-04-02 14:33:16 | INFO | CI | PROCESSED_PATH = data/processed
2026-04-02 14:33:16 | INFO | CI | ========================
2026-04-02 14:33:16 | INFO | CI | STAGE 01: EXTRACT starting... 
2026-04-02 14:33:16 | INFO | CI | ========================
2026-04-02 14:33:17 | INFO | CI | SOURCE PATH = https://jsonplaceholder.typicode.com/posts
2026-04-02 14:33:17 | INFO | CI | SINK PATH = data/raw/case_raw.json
2026-04-02 14:33:17 | INFO | CI | ========================
2026-04-02 14:33:17 | INFO | CI | STAGE 02: VALIDATE starting...
2026-04-02 14:33:17 | INFO | CI | ========================
2026-04-02 14:33:17 | INFO | CI | JSON STRUCTURE INSPECTION:
2026-04-02 14:33:17 | INFO | CI | Top-level type: list
2026-04-02 14:33:17 | INFO | CI | Keys in first record: ['userId', 'id', 'title', 'body']
2026-04-02 14:33:17 | INFO | CI | Field types:
2026-04-02 14:33:17 | INFO | CI | userId: int
2026-04-02 14:33:17 | INFO | CI | id: int
2026-04-02 14:33:17 | INFO | CI | title: str
2026-04-02 14:33:17 | INFO | CI | body: str
2026-04-02 14:33:17 | INFO | CI | Validation passed.
2026-04-02 14:33:17 | INFO | CI | Sink: validated JSON object
2026-04-02 14:33:17 | INFO | CI | ========================
2026-04-02 14:33:17 | INFO | CI | STAGE 03: TRANSFORM starting...
2026-04-02 14:33:17 | INFO | CI | ========================
2026-04-02 14:33:17 | INFO | CI | Transformation complete.
2026-04-02 14:33:17 | INFO | CI | DataFrame preview:
shape: (5, 6)
┌─────────┬─────────┬─────────────────────────────────┬─────────────────────────────────┬──────────────┬─────────────┐
│ user_id ┆ post_id ┆ title                           ┆ body                            ┆ title_length ┆ body_length │
│ ---     ┆ ---     ┆ ---                             ┆ ---                             ┆ ---          ┆ ---         │
│ i64     ┆ i64     ┆ str                             ┆ str                             ┆ u32          ┆ u32         │
╞═════════╪═════════╪═════════════════════════════════╪═════════════════════════════════╪══════════════╪═════════════╡
│ 1       ┆ 1       ┆ sunt aut facere repellat provi… ┆ quia et suscipit                ┆ 74           ┆ 158         │
│         ┆         ┆                                 ┆ suscipit recu…                  ┆              ┆             │
│ 1       ┆ 2       ┆ qui est esse                    ┆ est rerum tempore vitae         ┆ 12           ┆ 206         │
│         ┆         ┆                                 ┆ sequi …                         ┆              ┆             │
│ 1       ┆ 3       ┆ ea molestias quasi exercitatio… ┆ et iusto sed quo iure           ┆ 59           ┆ 164         │
│         ┆         ┆                                 ┆ voluptat…                       ┆              ┆             │
│ 1       ┆ 4       ┆ eum et est occaecati            ┆ ullam et saepe reiciendis volu… ┆ 20           ┆ 190         │
│ 1       ┆ 5       ┆ nesciunt quas odio              ┆ repudiandae veniam quaerat sun… ┆ 18           ┆ 147         │
└─────────┴─────────┴─────────────────────────────────┴─────────────────────────────────┴──────────────┴─────────────┘
2026-04-02 14:33:17 | INFO | CI | Sink: Polars DataFrame created
2026-04-02 14:33:17 | INFO | CI | ========================
2026-04-02 14:33:17 | INFO | CI | STAGE 04: LOAD starting...
2026-04-02 14:33:17 | INFO | CI | ========================
2026-04-02 14:33:17 | INFO | CI | SINK PATH = data/processed/case_processed.csv
2026-04-02 14:33:17 | INFO | CI | ========================
2026-04-02 14:33:17 | INFO | CI | Pipeline executed successfully!
2026-04-02 14:33:17 | INFO | CI | ========================
2026-04-03 15:08:51 | INFO | CI | === RUN START ===
2026-04-03 15:08:51 | INFO | CI | project=MODULE 4: EVTL PIPELINE
2026-04-03 15:08:51 | INFO | CI | repo_dir=nlp-04-api-text-data
2026-04-03 15:08:51 | INFO | CI | python=3.14.3
2026-04-03 15:08:51 | INFO | CI | os=Darwin 23.4.0
2026-04-03 15:08:51 | INFO | CI | shell=zsh
2026-04-03 15:08:51 | INFO | CI | cwd=.
2026-04-03 15:08:51 | INFO | CI | github_actions=False
2026-04-03 15:08:51 | INFO | CI | START PIPELINE
2026-04-03 15:08:51 | INFO | CI | ROOT_PATH = .
2026-04-03 15:08:51 | INFO | CI | DATA_PATH = data
2026-04-03 15:08:51 | INFO | CI | RAW_PATH = data/raw
2026-04-03 15:08:51 | INFO | CI | PROCESSED_PATH = data/processed
2026-04-03 15:08:51 | INFO | CI | ========================
2026-04-03 15:08:51 | INFO | CI | STAGE 01: EXTRACT starting... 
2026-04-03 15:08:51 | INFO | CI | ========================
2026-04-03 15:10:36 | INFO | CI | === RUN START ===
2026-04-03 15:10:36 | INFO | CI | project=MODULE 4: EVTL PIPELINE
2026-04-03 15:10:36 | INFO | CI | repo_dir=nlp-04-api-text-data
2026-04-03 15:10:36 | INFO | CI | python=3.14.3
2026-04-03 15:10:36 | INFO | CI | os=Darwin 23.4.0
2026-04-03 15:10:36 | INFO | CI | shell=zsh
2026-04-03 15:10:36 | INFO | CI | cwd=.
2026-04-03 15:10:36 | INFO | CI | github_actions=False
2026-04-03 15:10:36 | INFO | CI | START PIPELINE
2026-04-03 15:10:36 | INFO | CI | ROOT_PATH = .
2026-04-03 15:10:36 | INFO | CI | DATA_PATH = data
2026-04-03 15:10:36 | INFO | CI | RAW_PATH = data/raw
2026-04-03 15:10:36 | INFO | CI | PROCESSED_PATH = data/processed
2026-04-03 15:10:36 | INFO | CI | ========================
2026-04-03 15:10:36 | INFO | CI | STAGE 01: EXTRACT starting... 
2026-04-03 15:10:36 | INFO | CI | ========================
2026-04-03 15:17:11 | INFO | CI | === RUN START ===
2026-04-03 15:17:11 | INFO | CI | project=MODULE 4: EVTL PIPELINE
2026-04-03 15:17:11 | INFO | CI | repo_dir=nlp-04-api-text-data
2026-04-03 15:17:11 | INFO | CI | python=3.14.3
2026-04-03 15:17:11 | INFO | CI | os=Darwin 23.4.0
2026-04-03 15:17:11 | INFO | CI | shell=zsh
2026-04-03 15:17:11 | INFO | CI | cwd=.
2026-04-03 15:17:11 | INFO | CI | github_actions=False
2026-04-03 15:17:11 | INFO | CI | START PIPELINE
2026-04-03 15:17:11 | INFO | CI | ROOT_PATH = .
2026-04-03 15:17:11 | INFO | CI | DATA_PATH = data
2026-04-03 15:17:11 | INFO | CI | RAW_PATH = data/raw
2026-04-03 15:17:11 | INFO | CI | PROCESSED_PATH = data/processed
2026-04-03 15:17:11 | INFO | CI | ========================
2026-04-03 15:17:11 | INFO | CI | STAGE 01: EXTRACT starting... 
2026-04-03 15:17:11 | INFO | CI | ========================
2026-04-03 15:17:17 | INFO | CI | SOURCE PATH = https://dummyjson.com/comments
2026-04-03 15:17:17 | INFO | CI | SINK PATH = data/raw/case_raw.json
2026-04-03 15:17:17 | INFO | CI | ========================
2026-04-03 15:17:17 | INFO | CI | STAGE 02: VALIDATE starting...
2026-04-03 15:17:17 | INFO | CI | ========================
2026-04-03 15:17:17 | INFO | CI | JSON STRUCTURE INSPECTION:
2026-04-03 15:17:17 | INFO | CI | Top-level type: dict
2026-04-03 15:18:38 | INFO | CI | === RUN START ===
2026-04-03 15:18:38 | INFO | CI | project=MODULE 4: EVTL PIPELINE
2026-04-03 15:18:38 | INFO | CI | repo_dir=nlp-04-api-text-data
2026-04-03 15:18:38 | INFO | CI | python=3.14.3
2026-04-03 15:18:38 | INFO | CI | os=Darwin 23.4.0
2026-04-03 15:18:38 | INFO | CI | shell=zsh
2026-04-03 15:18:38 | INFO | CI | cwd=.
2026-04-03 15:18:38 | INFO | CI | github_actions=False
2026-04-03 15:18:38 | INFO | CI | START PIPELINE
2026-04-03 15:18:38 | INFO | CI | ROOT_PATH = .
2026-04-03 15:18:38 | INFO | CI | DATA_PATH = data
2026-04-03 15:18:38 | INFO | CI | RAW_PATH = data/raw
2026-04-03 15:18:38 | INFO | CI | PROCESSED_PATH = data/processed
2026-04-03 15:18:38 | INFO | CI | ========================
2026-04-03 15:18:38 | INFO | CI | STAGE 01: EXTRACT starting... 
2026-04-03 15:18:38 | INFO | CI | ========================
2026-04-03 15:18:38 | INFO | CI | SOURCE PATH = https://jsonplaceholder.typicode.com/posts
2026-04-03 15:18:38 | INFO | CI | SINK PATH = data/raw/case_raw.json
2026-04-03 15:18:38 | INFO | CI | ========================
2026-04-03 15:18:38 | INFO | CI | STAGE 02: VALIDATE starting...
2026-04-03 15:18:38 | INFO | CI | ========================
2026-04-03 15:18:38 | INFO | CI | JSON STRUCTURE INSPECTION:
2026-04-03 15:18:38 | INFO | CI | Top-level type: list
2026-04-03 15:18:38 | INFO | CI | Keys in first record: ['userId', 'id', 'title', 'body']
2026-04-03 15:18:38 | INFO | CI | Field types:
2026-04-03 15:18:38 | INFO | CI | userId: int
2026-04-03 15:18:38 | INFO | CI | id: int
2026-04-03 15:18:38 | INFO | CI | title: str
2026-04-03 15:18:38 | INFO | CI | body: str
2026-04-03 15:18:38 | INFO | CI | Validation passed.
2026-04-03 15:18:38 | INFO | CI | Sink: validated JSON object
2026-04-03 15:18:38 | INFO | CI | ========================
2026-04-03 15:18:38 | INFO | CI | STAGE 03: TRANSFORM starting...
2026-04-03 15:18:38 | INFO | CI | ========================
2026-04-03 15:18:38 | INFO | CI | Transformation complete.
2026-04-03 15:18:38 | INFO | CI | DataFrame preview:
shape: (5, 6)
┌─────────┬─────────┬─────────────────────────────────┬─────────────────────────────────┬──────────────┬─────────────┐
│ user_id ┆ post_id ┆ title                           ┆ body                            ┆ title_length ┆ body_length │
│ ---     ┆ ---     ┆ ---                             ┆ ---                             ┆ ---          ┆ ---         │
│ i64     ┆ i64     ┆ str                             ┆ str                             ┆ u32          ┆ u32         │
╞═════════╪═════════╪═════════════════════════════════╪═════════════════════════════════╪══════════════╪═════════════╡
│ 1       ┆ 1       ┆ sunt aut facere repellat provi… ┆ quia et suscipit                ┆ 74           ┆ 158         │
│         ┆         ┆                                 ┆ suscipit recu…                  ┆              ┆             │
│ 1       ┆ 2       ┆ qui est esse                    ┆ est rerum tempore vitae         ┆ 12           ┆ 206         │
│         ┆         ┆                                 ┆ sequi …                         ┆              ┆             │
│ 1       ┆ 3       ┆ ea molestias quasi exercitatio… ┆ et iusto sed quo iure           ┆ 59           ┆ 164         │
│         ┆         ┆                                 ┆ voluptat…                       ┆              ┆             │
│ 1       ┆ 4       ┆ eum et est occaecati            ┆ ullam et saepe reiciendis volu… ┆ 20           ┆ 190         │
│ 1       ┆ 5       ┆ nesciunt quas odio              ┆ repudiandae veniam quaerat sun… ┆ 18           ┆ 147         │
└─────────┴─────────┴─────────────────────────────────┴─────────────────────────────────┴──────────────┴─────────────┘
2026-04-03 15:18:38 | INFO | CI | Sink: Polars DataFrame created
2026-04-03 15:18:38 | INFO | CI | ========================
2026-04-03 15:18:38 | INFO | CI | STAGE 04: LOAD starting...
2026-04-03 15:18:38 | INFO | CI | ========================
2026-04-03 15:18:38 | INFO | CI | SINK PATH = data/processed/case_processed.csv
2026-04-03 15:18:38 | INFO | CI | ========================
2026-04-03 15:18:38 | INFO | CI | Pipeline executed successfully!
2026-04-03 15:18:38 | INFO | CI | ========================
2026-04-03 15:27:57 | INFO | CI | === RUN START ===
2026-04-03 15:27:57 | INFO | CI | project=MODULE 4: EVTL PIPELINE
2026-04-03 15:27:57 | INFO | CI | repo_dir=nlp-04-api-text-data
2026-04-03 15:27:57 | INFO | CI | python=3.14.3
2026-04-03 15:27:57 | INFO | CI | os=Darwin 23.4.0
2026-04-03 15:27:57 | INFO | CI | shell=zsh
2026-04-03 15:27:57 | INFO | CI | cwd=.
2026-04-03 15:27:57 | INFO | CI | github_actions=False
2026-04-03 15:27:57 | INFO | CI | START PIPELINE
2026-04-03 15:27:57 | INFO | CI | ROOT_PATH = .
2026-04-03 15:27:57 | INFO | CI | DATA_PATH = data
2026-04-03 15:27:57 | INFO | CI | RAW_PATH = data/raw
2026-04-03 15:27:57 | INFO | CI | PROCESSED_PATH = data/processed
2026-04-03 15:27:57 | INFO | CI | ========================
2026-04-03 15:27:57 | INFO | CI | STAGE 01: EXTRACT starting... 
2026-04-03 15:27:57 | INFO | CI | ========================
2026-04-03 15:33:13 | INFO | CI | === RUN START ===
2026-04-03 15:33:13 | INFO | CI | project=MODULE 4: EVTL PIPELINE
2026-04-03 15:33:13 | INFO | CI | repo_dir=nlp-04-api-text-data
2026-04-03 15:33:13 | INFO | CI | python=3.14.3
2026-04-03 15:33:13 | INFO | CI | os=Darwin 23.4.0
2026-04-03 15:33:13 | INFO | CI | shell=zsh
2026-04-03 15:33:13 | INFO | CI | cwd=.
2026-04-03 15:33:13 | INFO | CI | github_actions=False
2026-04-03 15:33:13 | INFO | CI | START PIPELINE
2026-04-03 15:33:13 | INFO | CI | ROOT_PATH = .
2026-04-03 15:33:13 | INFO | CI | DATA_PATH = data
2026-04-03 15:33:13 | INFO | CI | RAW_PATH = data/raw
2026-04-03 15:33:13 | INFO | CI | PROCESSED_PATH = data/processed
2026-04-03 15:33:13 | INFO | CI | ========================
2026-04-03 15:33:13 | INFO | CI | STAGE 01: EXTRACT starting... 
2026-04-03 15:33:13 | INFO | CI | ========================
2026-04-03 15:38:22 | INFO | CI | === RUN START ===
2026-04-03 15:38:22 | INFO | CI | project=MODULE 4: EVTL PIPELINE
2026-04-03 15:38:22 | INFO | CI | repo_dir=nlp-04-api-text-data
2026-04-03 15:38:22 | INFO | CI | python=3.14.3
2026-04-03 15:38:22 | INFO | CI | os=Darwin 23.4.0
2026-04-03 15:38:22 | INFO | CI | shell=zsh
2026-04-03 15:38:22 | INFO | CI | cwd=.
2026-04-03 15:38:22 | INFO | CI | github_actions=False
2026-04-03 15:38:22 | INFO | CI | START PIPELINE
2026-04-03 15:38:22 | INFO | CI | ROOT_PATH = .
2026-04-03 15:38:22 | INFO | CI | DATA_PATH = data
2026-04-03 15:38:22 | INFO | CI | RAW_PATH = data/raw
2026-04-03 15:38:22 | INFO | CI | PROCESSED_PATH = data/processed
2026-04-03 15:38:22 | INFO | CI | ========================
2026-04-03 15:38:22 | INFO | CI | STAGE 01: EXTRACT starting... 
2026-04-03 15:38:22 | INFO | CI | ========================
2026-04-03 15:38:22 | INFO | CI | SOURCE PATH = https://jsonplaceholder.typicode.com/comments
2026-04-03 15:38:22 | INFO | CI | SINK PATH = data/raw/mahesh_raw.json
2026-04-03 15:38:22 | INFO | CI | ========================
2026-04-03 15:38:22 | INFO | CI | STAGE 02: VALIDATE starting...
2026-04-03 15:38:22 | INFO | CI | ========================
2026-04-03 15:38:22 | INFO | CI | JSON STRUCTURE INSPECTION:
2026-04-03 15:38:22 | INFO | CI | Top-level type: list
2026-04-03 15:38:22 | INFO | CI | Keys in first record: ['postId', 'id', 'name', 'email', 'body']
2026-04-03 15:38:22 | INFO | CI | Field types:
2026-04-03 15:38:22 | INFO | CI | postId: int
2026-04-03 15:38:22 | INFO | CI | id: int
2026-04-03 15:38:22 | INFO | CI | name: str
2026-04-03 15:38:22 | INFO | CI | email: str
2026-04-03 15:38:22 | INFO | CI | body: str
2026-04-03 15:38:22 | INFO | CI | Validation passed.
2026-04-03 15:38:22 | INFO | CI | Sink: validated JSON object
2026-04-03 15:38:22 | INFO | CI | ========================
2026-04-03 15:38:22 | INFO | CI | STAGE 03: TRANSFORM starting...
2026-04-03 15:38:22 | INFO | CI | ========================
2026-04-03 15:38:49 | INFO | CI | === RUN START ===
2026-04-03 15:38:49 | INFO | CI | project=MODULE 4: EVTL PIPELINE
2026-04-03 15:38:49 | INFO | CI | repo_dir=nlp-04-api-text-data
2026-04-03 15:38:49 | INFO | CI | python=3.14.3
2026-04-03 15:38:49 | INFO | CI | os=Darwin 23.4.0
2026-04-03 15:38:49 | INFO | CI | shell=zsh
2026-04-03 15:38:49 | INFO | CI | cwd=.
2026-04-03 15:38:49 | INFO | CI | github_actions=False
2026-04-03 15:38:49 | INFO | CI | START PIPELINE
2026-04-03 15:38:49 | INFO | CI | ROOT_PATH = .
2026-04-03 15:38:49 | INFO | CI | DATA_PATH = data
2026-04-03 15:38:49 | INFO | CI | RAW_PATH = data/raw
2026-04-03 15:38:49 | INFO | CI | PROCESSED_PATH = data/processed
2026-04-03 15:38:49 | INFO | CI | ========================
2026-04-03 15:38:49 | INFO | CI | STAGE 01: EXTRACT starting... 
2026-04-03 15:38:49 | INFO | CI | ========================
2026-04-03 15:38:49 | INFO | CI | SOURCE PATH = https://jsonplaceholder.typicode.com/comments
2026-04-03 15:38:49 | INFO | CI | SINK PATH = data/raw/mahesh_raw.json
2026-04-03 15:38:49 | INFO | CI | ========================
2026-04-03 15:38:49 | INFO | CI | STAGE 02: VALIDATE starting...
2026-04-03 15:38:49 | INFO | CI | ========================
2026-04-03 15:38:49 | INFO | CI | JSON STRUCTURE INSPECTION:
2026-04-03 15:38:49 | INFO | CI | Top-level type: list
2026-04-03 15:38:49 | INFO | CI | Keys in first record: ['postId', 'id', 'name', 'email', 'body']
2026-04-03 15:38:49 | INFO | CI | Field types:
2026-04-03 15:38:49 | INFO | CI | postId: int
2026-04-03 15:38:49 | INFO | CI | id: int
2026-04-03 15:38:49 | INFO | CI | name: str
2026-04-03 15:38:49 | INFO | CI | email: str
2026-04-03 15:38:49 | INFO | CI | body: str
2026-04-03 15:38:49 | INFO | CI | Validation passed.
2026-04-03 15:38:49 | INFO | CI | Sink: validated JSON object
2026-04-03 15:38:49 | INFO | CI | ========================
2026-04-03 15:38:49 | INFO | CI | STAGE 03: TRANSFORM starting...
2026-04-03 15:38:49 | INFO | CI | ========================
2026-04-03 15:48:13 | INFO | CI | === RUN START ===
2026-04-03 15:48:13 | INFO | CI | project=MODULE 4: EVTL PIPELINE
2026-04-03 15:48:13 | INFO | CI | repo_dir=nlp-04-api-text-data
2026-04-03 15:48:13 | INFO | CI | python=3.14.3
2026-04-03 15:48:13 | INFO | CI | os=Darwin 23.4.0
2026-04-03 15:48:13 | INFO | CI | shell=zsh
2026-04-03 15:48:13 | INFO | CI | cwd=.
2026-04-03 15:48:13 | INFO | CI | github_actions=False
2026-04-03 15:48:13 | INFO | CI | START PIPELINE
2026-04-03 15:48:13 | INFO | CI | ROOT_PATH = .
2026-04-03 15:48:13 | INFO | CI | DATA_PATH = data
2026-04-03 15:48:13 | INFO | CI | RAW_PATH = data/raw
2026-04-03 15:48:13 | INFO | CI | PROCESSED_PATH = data/processed
2026-04-03 15:48:13 | INFO | CI | ========================
2026-04-03 15:48:13 | INFO | CI | STAGE 01: EXTRACT starting... 
2026-04-03 15:48:13 | INFO | CI | ========================
2026-04-03 16:07:56 | INFO | CI | === RUN START ===
2026-04-03 16:07:56 | INFO | CI | project=MODULE 4: EVTL PIPELINE
2026-04-03 16:07:56 | INFO | CI | repo_dir=nlp-04-api-text-data
2026-04-03 16:07:56 | INFO | CI | python=3.14.3
2026-04-03 16:07:56 | INFO | CI | os=Darwin 23.4.0
2026-04-03 16:07:56 | INFO | CI | shell=zsh
2026-04-03 16:07:56 | INFO | CI | cwd=.
2026-04-03 16:07:56 | INFO | CI | github_actions=False
2026-04-03 16:07:56 | INFO | CI | START PIPELINE
2026-04-03 16:07:56 | INFO | CI | ROOT_PATH = .
2026-04-03 16:07:56 | INFO | CI | DATA_PATH = data
2026-04-03 16:07:56 | INFO | CI | RAW_PATH = data/raw
2026-04-03 16:07:56 | INFO | CI | PROCESSED_PATH = data/processed
2026-04-03 16:07:56 | INFO | CI | ========================
2026-04-03 16:07:56 | INFO | CI | STAGE 01: EXTRACT starting... 
2026-04-03 16:07:56 | INFO | CI | ========================
2026-04-03 16:07:56 | INFO | CI | SOURCE PATH = https://jsonplaceholder.typicode.com/comments
2026-04-03 16:07:56 | INFO | CI | SINK PATH = data/raw/mahesh_raw.json
2026-04-03 16:07:56 | INFO | CI | ========================
2026-04-03 16:07:56 | INFO | CI | STAGE 02: VALIDATE starting...
2026-04-03 16:07:56 | INFO | CI | ========================
2026-04-03 16:07:56 | INFO | CI | JSON STRUCTURE INSPECTION:
2026-04-03 16:07:56 | INFO | CI | Top-level type: list
2026-04-03 16:07:56 | INFO | CI | Keys in first record: ['postId', 'id', 'name', 'email', 'body']
2026-04-03 16:07:56 | INFO | CI | Field types:
2026-04-03 16:07:56 | INFO | CI | postId: int
2026-04-03 16:07:56 | INFO | CI | id: int
2026-04-03 16:07:56 | INFO | CI | name: str
2026-04-03 16:07:56 | INFO | CI | email: str
2026-04-03 16:07:56 | INFO | CI | body: str
2026-04-03 16:07:56 | INFO | CI | Validation passed.
2026-04-03 16:07:56 | INFO | CI | Sink: validated JSON object
2026-04-03 16:07:56 | INFO | CI | ========================
2026-04-03 16:07:56 | INFO | CI | STAGE 03: TRANSFORM starting...
2026-04-03 16:07:56 | INFO | CI | ========================
2026-04-04 19:10:10 | INFO | CI | === RUN START ===
2026-04-04 19:10:10 | INFO | CI | project=MODULE 4: EVTL PIPELINE
2026-04-04 19:10:10 | INFO | CI | repo_dir=nlp-04-api-text-data
2026-04-04 19:10:10 | INFO | CI | python=3.14.3
2026-04-04 19:10:10 | INFO | CI | os=Darwin 23.4.0
2026-04-04 19:10:10 | INFO | CI | shell=zsh
2026-04-04 19:10:10 | INFO | CI | cwd=.
2026-04-04 19:10:10 | INFO | CI | github_actions=False
2026-04-04 19:10:10 | INFO | CI | START PIPELINE
2026-04-04 19:10:10 | INFO | CI | ROOT_PATH = .
2026-04-04 19:10:10 | INFO | CI | DATA_PATH = data
2026-04-04 19:10:10 | INFO | CI | RAW_PATH = data/raw
2026-04-04 19:10:10 | INFO | CI | PROCESSED_PATH = data/processed
2026-04-04 19:10:10 | INFO | CI | ========================
2026-04-04 19:10:10 | INFO | CI | STAGE 01: EXTRACT starting... 
2026-04-04 19:10:10 | INFO | CI | ========================
2026-04-04 19:10:11 | INFO | CI | SOURCE PATH = https://jsonplaceholder.typicode.com/comments
2026-04-04 19:10:11 | INFO | CI | SINK PATH = data/raw/mahesh_raw.json
2026-04-04 19:10:11 | INFO | CI | ========================
2026-04-04 19:10:11 | INFO | CI | STAGE 02: VALIDATE starting...
2026-04-04 19:10:11 | INFO | CI | ========================
2026-04-04 19:10:11 | INFO | CI | JSON STRUCTURE INSPECTION:
2026-04-04 19:10:11 | INFO | CI | Top-level type: list
2026-04-04 19:10:11 | INFO | CI | Keys in first record: ['postId', 'id', 'name', 'email', 'body']
2026-04-04 19:10:11 | INFO | CI | Field types:
2026-04-04 19:10:11 | INFO | CI | postId: int
2026-04-04 19:10:11 | INFO | CI | id: int
2026-04-04 19:10:11 | INFO | CI | name: str
2026-04-04 19:10:11 | INFO | CI | email: str
2026-04-04 19:10:11 | INFO | CI | body: str
2026-04-04 19:10:11 | INFO | CI | Validation passed.
2026-04-04 19:10:11 | INFO | CI | Sink: validated JSON object
2026-04-04 19:10:11 | INFO | CI | ========================
2026-04-04 19:10:11 | INFO | CI | STAGE 03: TRANSFORM starting...
2026-04-04 19:10:11 | INFO | CI | ========================
2026-04-04 19:11:15 | INFO | CI | === RUN START ===
2026-04-04 19:11:15 | INFO | CI | project=MODULE 4: EVTL PIPELINE
2026-04-04 19:11:15 | INFO | CI | repo_dir=nlp-04-api-text-data
2026-04-04 19:11:15 | INFO | CI | python=3.14.3
2026-04-04 19:11:15 | INFO | CI | os=Darwin 23.4.0
2026-04-04 19:11:15 | INFO | CI | shell=zsh
2026-04-04 19:11:15 | INFO | CI | cwd=.
2026-04-04 19:11:15 | INFO | CI | github_actions=False
2026-04-04 19:11:15 | INFO | CI | START PIPELINE
2026-04-04 19:11:15 | INFO | CI | ROOT_PATH = .
2026-04-04 19:11:15 | INFO | CI | DATA_PATH = data
2026-04-04 19:11:15 | INFO | CI | RAW_PATH = data/raw
2026-04-04 19:11:15 | INFO | CI | PROCESSED_PATH = data/processed
2026-04-04 19:11:15 | INFO | CI | ========================
2026-04-04 19:11:15 | INFO | CI | STAGE 01: EXTRACT starting... 
2026-04-04 19:11:15 | INFO | CI | ========================
2026-04-04 19:11:15 | INFO | CI | SOURCE PATH = https://jsonplaceholder.typicode.com/posts
2026-04-04 19:11:15 | INFO | CI | SINK PATH = data/raw/mahesh_raw.json
2026-04-04 19:11:15 | INFO | CI | ========================
2026-04-04 19:11:15 | INFO | CI | STAGE 02: VALIDATE starting...
2026-04-04 19:11:15 | INFO | CI | ========================
2026-04-04 19:11:15 | INFO | CI | JSON STRUCTURE INSPECTION:
2026-04-04 19:11:15 | INFO | CI | Top-level type: list
2026-04-04 19:11:15 | INFO | CI | Keys in first record: ['userId', 'id', 'title', 'body']
2026-04-04 19:11:15 | INFO | CI | Field types:
2026-04-04 19:11:15 | INFO | CI | userId: int
2026-04-04 19:11:15 | INFO | CI | id: int
2026-04-04 19:11:15 | INFO | CI | title: str
2026-04-04 19:11:15 | INFO | CI | body: str
2026-04-04 19:11:15 | INFO | CI | Validation passed.
2026-04-04 19:11:15 | INFO | CI | Sink: validated JSON object
2026-04-04 19:11:15 | INFO | CI | ========================
2026-04-04 19:11:15 | INFO | CI | STAGE 03: TRANSFORM starting...
2026-04-04 19:11:15 | INFO | CI | ========================
2026-04-04 19:12:32 | INFO | CI | === RUN START ===
2026-04-04 19:12:32 | INFO | CI | project=MODULE 4: EVTL PIPELINE
2026-04-04 19:12:32 | INFO | CI | repo_dir=nlp-04-api-text-data
2026-04-04 19:12:32 | INFO | CI | python=3.14.3
2026-04-04 19:12:32 | INFO | CI | os=Darwin 23.4.0
2026-04-04 19:12:32 | INFO | CI | shell=zsh
2026-04-04 19:12:32 | INFO | CI | cwd=.
2026-04-04 19:12:32 | INFO | CI | github_actions=False
2026-04-04 19:12:32 | INFO | CI | START PIPELINE
2026-04-04 19:12:32 | INFO | CI | ROOT_PATH = .
2026-04-04 19:12:32 | INFO | CI | DATA_PATH = data
2026-04-04 19:12:32 | INFO | CI | RAW_PATH = data/raw
2026-04-04 19:12:32 | INFO | CI | PROCESSED_PATH = data/processed
2026-04-04 19:12:32 | INFO | CI | ========================
2026-04-04 19:12:32 | INFO | CI | STAGE 01: EXTRACT starting... 
2026-04-04 19:12:32 | INFO | CI | ========================
2026-04-04 19:12:32 | INFO | CI | SOURCE PATH = https://jsonplaceholder.typicode.com/posts
2026-04-04 19:12:32 | INFO | CI | SINK PATH = data/raw/case_raw.json
2026-04-04 19:12:32 | INFO | CI | ========================
2026-04-04 19:12:32 | INFO | CI | STAGE 02: VALIDATE starting...
2026-04-04 19:12:32 | INFO | CI | ========================
2026-04-04 19:12:32 | INFO | CI | JSON STRUCTURE INSPECTION:
2026-04-04 19:12:32 | INFO | CI | Top-level type: list
2026-04-04 19:12:32 | INFO | CI | Keys in first record: ['userId', 'id', 'title', 'body']
2026-04-04 19:12:32 | INFO | CI | Field types:
2026-04-04 19:12:32 | INFO | CI | userId: int
2026-04-04 19:12:32 | INFO | CI | id: int
2026-04-04 19:12:32 | INFO | CI | title: str
2026-04-04 19:12:32 | INFO | CI | body: str
2026-04-04 19:12:32 | INFO | CI | Validation passed.
2026-04-04 19:12:32 | INFO | CI | Sink: validated JSON object
2026-04-04 19:12:32 | INFO | CI | ========================
2026-04-04 19:12:32 | INFO | CI | STAGE 03: TRANSFORM starting...
2026-04-04 19:12:32 | INFO | CI | ========================
2026-04-04 19:14:36 | INFO | CI | === RUN START ===
2026-04-04 19:14:36 | INFO | CI | project=MODULE 4: EVTL PIPELINE
2026-04-04 19:14:36 | INFO | CI | repo_dir=nlp-04-api-text-data
2026-04-04 19:14:36 | INFO | CI | python=3.14.3
2026-04-04 19:14:36 | INFO | CI | os=Darwin 23.4.0
2026-04-04 19:14:36 | INFO | CI | shell=zsh
2026-04-04 19:14:36 | INFO | CI | cwd=.
2026-04-04 19:14:36 | INFO | CI | github_actions=False
2026-04-04 19:14:36 | INFO | CI | START PIPELINE
2026-04-04 19:14:36 | INFO | CI | ROOT_PATH = .
2026-04-04 19:14:36 | INFO | CI | DATA_PATH = data
2026-04-04 19:14:36 | INFO | CI | RAW_PATH = data/raw
2026-04-04 19:14:36 | INFO | CI | PROCESSED_PATH = data/processed
2026-04-04 19:14:36 | INFO | CI | ========================
2026-04-04 19:14:36 | INFO | CI | STAGE 01: EXTRACT starting... 
2026-04-04 19:14:36 | INFO | CI | ========================
2026-04-04 19:14:36 | INFO | CI | SOURCE PATH = https://jsonplaceholder.typicode.com/posts
2026-04-04 19:14:36 | INFO | CI | SINK PATH = data/raw/mahesh_raw.json
2026-04-04 19:14:36 | INFO | CI | ========================
2026-04-04 19:14:36 | INFO | CI | STAGE 02: VALIDATE starting...
2026-04-04 19:14:36 | INFO | CI | ========================
2026-04-04 19:14:36 | INFO | CI | JSON STRUCTURE INSPECTION:
2026-04-04 19:14:36 | INFO | CI | Top-level type: list
2026-04-04 19:14:36 | INFO | CI | Keys in first record: ['userId', 'id', 'title', 'body']
2026-04-04 19:14:36 | INFO | CI | Field types:
2026-04-04 19:14:36 | INFO | CI | userId: int
2026-04-04 19:14:36 | INFO | CI | id: int
2026-04-04 19:14:36 | INFO | CI | title: str
2026-04-04 19:14:36 | INFO | CI | body: str
2026-04-04 19:14:36 | INFO | CI | Validation passed.
2026-04-04 19:14:36 | INFO | CI | Sink: validated JSON object
2026-04-04 19:14:36 | INFO | CI | ========================
2026-04-04 19:14:36 | INFO | CI | STAGE 03: TRANSFORM starting...
2026-04-04 19:14:36 | INFO | CI | ========================
2026-04-04 19:19:08 | INFO | CI | === RUN START ===
2026-04-04 19:19:08 | INFO | CI | project=MODULE 4: EVTL PIPELINE
2026-04-04 19:19:08 | INFO | CI | repo_dir=nlp-04-api-text-data
2026-04-04 19:19:08 | INFO | CI | python=3.14.3
2026-04-04 19:19:08 | INFO | CI | os=Darwin 23.4.0
2026-04-04 19:19:08 | INFO | CI | shell=zsh
2026-04-04 19:19:08 | INFO | CI | cwd=.
2026-04-04 19:19:08 | INFO | CI | github_actions=False
2026-04-04 19:19:08 | INFO | CI | START PIPELINE
2026-04-04 19:19:08 | INFO | CI | ROOT_PATH = .
2026-04-04 19:19:08 | INFO | CI | DATA_PATH = data
2026-04-04 19:19:08 | INFO | CI | RAW_PATH = data/raw
2026-04-04 19:19:08 | INFO | CI | PROCESSED_PATH = data/processed
2026-04-04 19:19:08 | INFO | CI | ========================
2026-04-04 19:19:08 | INFO | CI | STAGE 01: EXTRACT starting... 
2026-04-04 19:19:08 | INFO | CI | ========================
2026-04-04 19:19:08 | INFO | CI | SOURCE PATH = https://jsonplaceholder.typicode.com/posts
2026-04-04 19:19:08 | INFO | CI | SINK PATH = data/raw/mahesh_raw.json
2026-04-04 19:19:08 | INFO | CI | ========================
2026-04-04 19:19:08 | INFO | CI | STAGE 02: VALIDATE starting...
2026-04-04 19:19:08 | INFO | CI | ========================
2026-04-04 19:19:08 | INFO | CI | JSON STRUCTURE INSPECTION:
2026-04-04 19:19:08 | INFO | CI | Top-level type: list
2026-04-04 19:19:08 | INFO | CI | Keys in first record: ['userId', 'id', 'title', 'body']
2026-04-04 19:19:08 | INFO | CI | Field types:
2026-04-04 19:19:08 | INFO | CI | userId: int
2026-04-04 19:19:08 | INFO | CI | id: int
2026-04-04 19:19:08 | INFO | CI | title: str
2026-04-04 19:19:08 | INFO | CI | body: str
2026-04-04 19:19:08 | INFO | CI | Validation passed.
2026-04-04 19:19:08 | INFO | CI | Sink: validated JSON object
2026-04-04 19:19:08 | INFO | CI | ========================
2026-04-04 19:19:08 | INFO | CI | STAGE 03: TRANSFORM starting...
2026-04-04 19:19:08 | INFO | CI | ========================
2026-04-04 19:24:33 | INFO | CI | === RUN START ===
2026-04-04 19:24:33 | INFO | CI | project=MODULE 4: EVTL PIPELINE
2026-04-04 19:24:33 | INFO | CI | repo_dir=nlp-04-api-text-data
2026-04-04 19:24:33 | INFO | CI | python=3.14.3
2026-04-04 19:24:33 | INFO | CI | os=Darwin 23.4.0
2026-04-04 19:24:33 | INFO | CI | shell=zsh
2026-04-04 19:24:33 | INFO | CI | cwd=.
2026-04-04 19:24:33 | INFO | CI | github_actions=False
2026-04-04 19:24:33 | INFO | CI | START PIPELINE
2026-04-04 19:24:33 | INFO | CI | ROOT_PATH = .
2026-04-04 19:24:33 | INFO | CI | DATA_PATH = data
2026-04-04 19:24:33 | INFO | CI | RAW_PATH = data/raw
2026-04-04 19:24:33 | INFO | CI | PROCESSED_PATH = data/processed
2026-04-04 19:24:33 | INFO | CI | ========================
2026-04-04 19:24:33 | INFO | CI | STAGE 01: EXTRACT starting... 
2026-04-04 19:24:33 | INFO | CI | ========================
2026-04-04 19:24:33 | INFO | CI | SOURCE PATH = https://jsonplaceholder.typicode.com/posts
2026-04-04 19:24:33 | INFO | CI | SINK PATH = data/raw/case_raw.json
2026-04-04 19:24:33 | INFO | CI | ========================
2026-04-04 19:24:33 | INFO | CI | STAGE 02: VALIDATE starting...
2026-04-04 19:24:33 | INFO | CI | ========================
2026-04-04 19:24:33 | INFO | CI | JSON STRUCTURE INSPECTION:
2026-04-04 19:24:33 | INFO | CI | Top-level type: list
2026-04-04 19:24:33 | INFO | CI | Keys in first record: ['userId', 'id', 'title', 'body']
2026-04-04 19:24:33 | INFO | CI | Field types:
2026-04-04 19:24:33 | INFO | CI | userId: int
2026-04-04 19:24:33 | INFO | CI | id: int
2026-04-04 19:24:33 | INFO | CI | title: str
2026-04-04 19:24:33 | INFO | CI | body: str
2026-04-04 19:24:33 | INFO | CI | Validation passed.
2026-04-04 19:24:33 | INFO | CI | Sink: validated JSON object
2026-04-04 19:24:33 | INFO | CI | ========================
2026-04-04 19:24:33 | INFO | CI | STAGE 03: TRANSFORM starting...
2026-04-04 19:24:33 | INFO | CI | ========================
2026-04-04 19:26:34 | INFO | CI | === RUN START ===
2026-04-04 19:26:34 | INFO | CI | project=MODULE 4: EVTL PIPELINE
2026-04-04 19:26:34 | INFO | CI | repo_dir=nlp-04-api-text-data
2026-04-04 19:26:34 | INFO | CI | python=3.14.3
2026-04-04 19:26:34 | INFO | CI | os=Darwin 23.4.0
2026-04-04 19:26:34 | INFO | CI | shell=zsh
2026-04-04 19:26:34 | INFO | CI | cwd=.
2026-04-04 19:26:34 | INFO | CI | github_actions=False
2026-04-04 19:26:34 | INFO | CI | START PIPELINE
2026-04-04 19:26:34 | INFO | CI | ROOT_PATH = .
2026-04-04 19:26:34 | INFO | CI | DATA_PATH = data
2026-04-04 19:26:34 | INFO | CI | RAW_PATH = data/raw
2026-04-04 19:26:34 | INFO | CI | PROCESSED_PATH = data/processed
2026-04-04 19:26:34 | INFO | CI | ========================
2026-04-04 19:26:34 | INFO | CI | STAGE 01: EXTRACT starting... 
2026-04-04 19:26:34 | INFO | CI | ========================
2026-04-04 19:26:34 | INFO | CI | SOURCE PATH = https://jsonplaceholder.typicode.com/posts
2026-04-04 19:26:34 | INFO | CI | SINK PATH = data/raw/case_raw.json
2026-04-04 19:26:34 | INFO | CI | ========================
2026-04-04 19:26:34 | INFO | CI | STAGE 02: VALIDATE starting...
2026-04-04 19:26:34 | INFO | CI | ========================
2026-04-04 19:26:34 | INFO | CI | JSON STRUCTURE INSPECTION:
2026-04-04 19:26:34 | INFO | CI | Top-level type: list
2026-04-04 19:26:34 | INFO | CI | Keys in first record: ['userId', 'id', 'title', 'body']
2026-04-04 19:26:34 | INFO | CI | Field types:
2026-04-04 19:26:34 | INFO | CI | userId: int
2026-04-04 19:26:34 | INFO | CI | id: int
2026-04-04 19:26:34 | INFO | CI | title: str
2026-04-04 19:26:34 | INFO | CI | body: str
2026-04-04 19:26:34 | INFO | CI | Validation passed.
2026-04-04 19:26:34 | INFO | CI | Sink: validated JSON object
2026-04-04 19:26:34 | INFO | CI | ========================
2026-04-04 19:26:34 | INFO | CI | STAGE 03: TRANSFORM starting...
2026-04-04 19:26:34 | INFO | CI | ========================
2026-04-04 19:29:56 | INFO | CI | === RUN START ===
2026-04-04 19:29:56 | INFO | CI | project=MODULE 4: EVTL PIPELINE
2026-04-04 19:29:56 | INFO | CI | repo_dir=nlp-04-api-text-data
2026-04-04 19:29:56 | INFO | CI | python=3.14.3
2026-04-04 19:29:56 | INFO | CI | os=Darwin 23.4.0
2026-04-04 19:29:56 | INFO | CI | shell=zsh
2026-04-04 19:29:56 | INFO | CI | cwd=.
2026-04-04 19:29:56 | INFO | CI | github_actions=False
2026-04-04 19:29:56 | INFO | CI | START PIPELINE
2026-04-04 19:29:56 | INFO | CI | ROOT_PATH = .
2026-04-04 19:29:56 | INFO | CI | DATA_PATH = data
2026-04-04 19:29:56 | INFO | CI | RAW_PATH = data/raw
2026-04-04 19:29:56 | INFO | CI | PROCESSED_PATH = data/processed
2026-04-04 19:29:56 | INFO | CI | ========================
2026-04-04 19:29:56 | INFO | CI | STAGE 01: EXTRACT starting... 
2026-04-04 19:29:56 | INFO | CI | ========================
2026-04-04 19:29:56 | INFO | CI | SOURCE PATH = https://jsonplaceholder.typicode.com/posts
2026-04-04 19:29:56 | INFO | CI | SINK PATH = data/raw/case_raw.json
2026-04-04 19:29:56 | INFO | CI | ========================
2026-04-04 19:29:56 | INFO | CI | STAGE 02: VALIDATE starting...
2026-04-04 19:29:56 | INFO | CI | ========================
2026-04-04 19:29:56 | INFO | CI | JSON STRUCTURE INSPECTION:
2026-04-04 19:29:56 | INFO | CI | Top-level type: list
2026-04-04 19:29:56 | INFO | CI | Keys in first record: ['userId', 'id', 'title', 'body']
2026-04-04 19:29:56 | INFO | CI | Field types:
2026-04-04 19:29:56 | INFO | CI | userId: int
2026-04-04 19:29:56 | INFO | CI | id: int
2026-04-04 19:29:56 | INFO | CI | title: str
2026-04-04 19:29:56 | INFO | CI | body: str
2026-04-04 19:29:56 | INFO | CI | Validation passed.
2026-04-04 19:29:56 | INFO | CI | Sink: validated JSON object
2026-04-04 19:29:56 | INFO | CI | ========================
2026-04-04 19:29:56 | INFO | CI | STAGE 03: TRANSFORM starting...
2026-04-04 19:29:56 | INFO | CI | ========================
2026-04-04 19:29:56 | INFO | CI | Transformation complete.
2026-04-04 19:29:56 | INFO | CI | DataFrame preview:
shape: (5, 6)
┌─────────┬─────────┬─────────────────────────────────┬─────────────────────────────────┬──────────────┬─────────────┐
│ user_id ┆ post_id ┆ title                           ┆ body                            ┆ title_length ┆ body_length │
│ ---     ┆ ---     ┆ ---                             ┆ ---                             ┆ ---          ┆ ---         │
│ i64     ┆ i64     ┆ str                             ┆ str                             ┆ u32          ┆ u32         │
╞═════════╪═════════╪═════════════════════════════════╪═════════════════════════════════╪══════════════╪═════════════╡
│ 1       ┆ 1       ┆ sunt aut facere repellat provi… ┆ quia et suscipit                ┆ 74           ┆ 158         │
│         ┆         ┆                                 ┆ suscipit recu…                  ┆              ┆             │
│ 1       ┆ 2       ┆ qui est esse                    ┆ est rerum tempore vitae         ┆ 12           ┆ 206         │
│         ┆         ┆                                 ┆ sequi …                         ┆              ┆             │
│ 1       ┆ 3       ┆ ea molestias quasi exercitatio… ┆ et iusto sed quo iure           ┆ 59           ┆ 164         │
│         ┆         ┆                                 ┆ voluptat…                       ┆              ┆             │
│ 1       ┆ 4       ┆ eum et est occaecati            ┆ ullam et saepe reiciendis volu… ┆ 20           ┆ 190         │
│ 1       ┆ 5       ┆ nesciunt quas odio              ┆ repudiandae veniam quaerat sun… ┆ 18           ┆ 147         │
└─────────┴─────────┴─────────────────────────────────┴─────────────────────────────────┴──────────────┴─────────────┘
2026-04-04 19:29:56 | INFO | CI | Sink: Polars DataFrame created
2026-04-04 19:29:56 | INFO | CI | ========================
2026-04-04 19:29:56 | INFO | CI | STAGE 04: LOAD starting...
2026-04-04 19:29:56 | INFO | CI | ========================
2026-04-04 19:29:56 | INFO | CI | SINK PATH = data/processed/case_processed.csv
2026-04-04 19:29:56 | INFO | CI | ========================
2026-04-04 19:29:56 | INFO | CI | Pipeline executed successfully!
2026-04-04 19:29:56 | INFO | CI | ========================
2026-04-04 19:49:16 | INFO | CI | === RUN START ===
2026-04-04 19:49:16 | INFO | CI | project=MODULE 4: EVTL PIPELINE
2026-04-04 19:49:16 | INFO | CI | repo_dir=nlp-04-api-text-data
2026-04-04 19:49:16 | INFO | CI | python=3.14.3
2026-04-04 19:49:16 | INFO | CI | os=Darwin 23.4.0
2026-04-04 19:49:16 | INFO | CI | shell=zsh
2026-04-04 19:49:16 | INFO | CI | cwd=.
2026-04-04 19:49:16 | INFO | CI | github_actions=False
2026-04-04 19:49:16 | INFO | CI | START PIPELINE
2026-04-04 19:49:16 | INFO | CI | ROOT_PATH = .
2026-04-04 19:49:16 | INFO | CI | DATA_PATH = data
2026-04-04 19:49:16 | INFO | CI | RAW_PATH = data/raw
2026-04-04 19:49:16 | INFO | CI | PROCESSED_PATH = data/processed
2026-04-04 19:49:16 | INFO | CI | ========================
2026-04-04 19:49:16 | INFO | CI | STAGE 01: EXTRACT starting... 
2026-04-04 19:49:16 | INFO | CI | ========================
2026-04-04 19:49:16 | INFO | CI | SOURCE PATH = https://jsonplaceholder.typicode.com/comments
2026-04-04 19:49:16 | INFO | CI | SINK PATH = data/raw/mahesh_raw.json
2026-04-04 19:49:16 | INFO | CI | ========================
2026-04-04 19:49:16 | INFO | CI | STAGE 02: VALIDATE starting...
2026-04-04 19:49:16 | INFO | CI | ========================
2026-04-04 19:49:16 | INFO | CI | JSON STRUCTURE INSPECTION:
2026-04-04 19:49:16 | INFO | CI | Top-level type: list
2026-04-04 19:49:16 | INFO | CI | Keys in first record: ['postId', 'id', 'name', 'email', 'body']
2026-04-04 19:49:16 | INFO | CI | Field types:
2026-04-04 19:49:16 | INFO | CI | postId: int
2026-04-04 19:49:16 | INFO | CI | id: int
2026-04-04 19:49:16 | INFO | CI | name: str
2026-04-04 19:49:16 | INFO | CI | email: str
2026-04-04 19:49:16 | INFO | CI | body: str
2026-04-04 19:49:16 | INFO | CI | Validation passed.
2026-04-04 19:49:16 | INFO | CI | Sink: validated JSON object
2026-04-04 19:49:16 | INFO | CI | ========================
2026-04-04 19:49:16 | INFO | CI | STAGE 03: TRANSFORM starting...
2026-04-04 19:49:16 | INFO | CI | ========================
2026-04-04 19:55:35 | INFO | CI | === RUN START ===
2026-04-04 19:55:35 | INFO | CI | project=MODULE 4: EVTL PIPELINE
2026-04-04 19:55:35 | INFO | CI | repo_dir=nlp-04-api-text-data
2026-04-04 19:55:35 | INFO | CI | python=3.14.3
2026-04-04 19:55:35 | INFO | CI | os=Darwin 23.4.0
2026-04-04 19:55:35 | INFO | CI | shell=zsh
2026-04-04 19:55:35 | INFO | CI | cwd=.
2026-04-04 19:55:35 | INFO | CI | github_actions=False
2026-04-04 19:55:35 | INFO | CI | START PIPELINE
2026-04-04 19:55:35 | INFO | CI | ROOT_PATH = .
2026-04-04 19:55:35 | INFO | CI | DATA_PATH = data
2026-04-04 19:55:35 | INFO | CI | RAW_PATH = data/raw
2026-04-04 19:55:35 | INFO | CI | PROCESSED_PATH = data/processed
2026-04-04 19:55:35 | INFO | CI | ========================
2026-04-04 19:55:35 | INFO | CI | STAGE 01: EXTRACT starting... 
2026-04-04 19:55:35 | INFO | CI | ========================
2026-04-04 19:55:36 | INFO | CI | SOURCE PATH = https://jsonplaceholder.typicode.com/comments
2026-04-04 19:55:36 | INFO | CI | SINK PATH = data/raw/mahesh_raw.json
2026-04-04 19:55:36 | INFO | CI | ========================
2026-04-04 19:55:36 | INFO | CI | STAGE 02: VALIDATE starting...
2026-04-04 19:55:36 | INFO | CI | ========================
2026-04-04 19:55:36 | INFO | CI | JSON STRUCTURE INSPECTION:
2026-04-04 19:55:36 | INFO | CI | Top-level type: list
2026-04-04 19:55:36 | INFO | CI | Keys in first record: ['postId', 'id', 'name', 'email', 'body']
2026-04-04 19:55:36 | INFO | CI | Field types:
2026-04-04 19:55:36 | INFO | CI | postId: int
2026-04-04 19:55:36 | INFO | CI | id: int
2026-04-04 19:55:36 | INFO | CI | name: str
2026-04-04 19:55:36 | INFO | CI | email: str
2026-04-04 19:55:36 | INFO | CI | body: str
2026-04-04 19:55:36 | INFO | CI | Validation passed.
2026-04-04 19:55:36 | INFO | CI | Sink: validated JSON object
2026-04-04 19:55:36 | INFO | CI | ========================
2026-04-04 19:55:36 | INFO | CI | STAGE 03: TRANSFORM starting...
2026-04-04 19:55:36 | INFO | CI | ========================
2026-04-04 20:02:06 | INFO | CI | === RUN START ===
2026-04-04 20:02:06 | INFO | CI | project=MODULE 4: EVTL PIPELINE
2026-04-04 20:02:06 | INFO | CI | repo_dir=nlp-04-api-text-data
2026-04-04 20:02:06 | INFO | CI | python=3.14.3
2026-04-04 20:02:06 | INFO | CI | os=Darwin 23.4.0
2026-04-04 20:02:06 | INFO | CI | shell=zsh
2026-04-04 20:02:06 | INFO | CI | cwd=.
2026-04-04 20:02:06 | INFO | CI | github_actions=False
2026-04-04 20:02:06 | INFO | CI | START PIPELINE
2026-04-04 20:02:06 | INFO | CI | ROOT_PATH = .
2026-04-04 20:02:06 | INFO | CI | DATA_PATH = data
2026-04-04 20:02:06 | INFO | CI | RAW_PATH = data/raw
2026-04-04 20:02:06 | INFO | CI | PROCESSED_PATH = data/processed
2026-04-04 20:02:06 | INFO | CI | ========================
2026-04-04 20:02:06 | INFO | CI | STAGE 01: EXTRACT starting... 
2026-04-04 20:02:06 | INFO | CI | ========================
2026-04-04 20:02:06 | INFO | CI | SOURCE PATH = https://jsonplaceholder.typicode.com/comments
2026-04-04 20:02:06 | INFO | CI | SINK PATH = data/raw/mahesh_raw.json
2026-04-04 20:02:06 | INFO | CI | ========================
2026-04-04 20:02:06 | INFO | CI | STAGE 02: VALIDATE starting...
2026-04-04 20:02:06 | INFO | CI | ========================
2026-04-04 20:02:06 | INFO | CI | JSON STRUCTURE INSPECTION:
2026-04-04 20:02:06 | INFO | CI | Top-level type: list
2026-04-04 20:02:06 | INFO | CI | Keys in first record: ['postId', 'id', 'name', 'email', 'body']
2026-04-04 20:02:06 | INFO | CI | Field types:
2026-04-04 20:02:06 | INFO | CI | postId: int
2026-04-04 20:02:06 | INFO | CI | id: int
2026-04-04 20:02:06 | INFO | CI | name: str
2026-04-04 20:02:06 | INFO | CI | email: str
2026-04-04 20:02:06 | INFO | CI | body: str
2026-04-04 20:02:06 | INFO | CI | Validation passed.
2026-04-04 20:02:06 | INFO | CI | Sink: validated JSON object
2026-04-04 20:02:06 | INFO | CI | ========================
2026-04-04 20:02:06 | INFO | CI | STAGE 03: TRANSFORM starting...
2026-04-04 20:02:06 | INFO | CI | ========================
2026-04-04 20:08:51 | INFO | CI | === RUN START ===
2026-04-04 20:08:51 | INFO | CI | project=MODULE 4: EVTL PIPELINE
2026-04-04 20:08:51 | INFO | CI | repo_dir=nlp-04-api-text-data
2026-04-04 20:08:51 | INFO | CI | python=3.14.3
2026-04-04 20:08:51 | INFO | CI | os=Darwin 23.4.0
2026-04-04 20:08:51 | INFO | CI | shell=zsh
2026-04-04 20:08:51 | INFO | CI | cwd=.
2026-04-04 20:08:51 | INFO | CI | github_actions=False
2026-04-04 20:08:51 | INFO | CI | START PIPELINE
2026-04-04 20:08:51 | INFO | CI | ROOT_PATH = .
2026-04-04 20:08:51 | INFO | CI | DATA_PATH = data
2026-04-04 20:08:51 | INFO | CI | RAW_PATH = data/raw
2026-04-04 20:08:51 | INFO | CI | PROCESSED_PATH = data/processed
2026-04-04 20:08:51 | INFO | CI | ========================
2026-04-04 20:08:51 | INFO | CI | STAGE 01: EXTRACT starting... 
2026-04-04 20:08:51 | INFO | CI | ========================
2026-04-04 20:08:51 | INFO | CI | SOURCE PATH = https://jsonplaceholder.typicode.com/comments
2026-04-04 20:08:51 | INFO | CI | SINK PATH = data/raw/mahesh_raw.json
2026-04-04 20:08:51 | INFO | CI | ========================
2026-04-04 20:08:51 | INFO | CI | STAGE 02: VALIDATE starting...
2026-04-04 20:08:51 | INFO | CI | ========================
2026-04-04 20:08:51 | INFO | CI | JSON STRUCTURE INSPECTION:
2026-04-04 20:08:51 | INFO | CI | Top-level type: list
2026-04-04 20:08:51 | INFO | CI | Keys in first record: ['postId', 'id', 'name', 'email', 'body']
2026-04-04 20:08:51 | INFO | CI | Field types:
2026-04-04 20:08:51 | INFO | CI | postId: int
2026-04-04 20:08:51 | INFO | CI | id: int
2026-04-04 20:08:51 | INFO | CI | name: str
2026-04-04 20:08:51 | INFO | CI | email: str
2026-04-04 20:08:51 | INFO | CI | body: str
2026-04-04 20:08:51 | INFO | CI | Validation passed.
2026-04-04 20:08:51 | INFO | CI | Sink: validated JSON object
2026-04-04 20:08:51 | INFO | CI | ========================
2026-04-04 20:08:51 | INFO | CI | STAGE 03: TRANSFORM starting...
2026-04-04 20:08:51 | INFO | CI | ========================
2026-04-04 20:08:51 | INFO | CI | Transformation complete.
2026-04-04 20:08:51 | INFO | CI | DataFrame preview:
shape: (5, 6)
┌─────────┬────────────┬────────────────────────────────┬────────────────────────┬────────────────────────────────┬─────────────┐
│ post_id ┆ comment_id ┆ name                           ┆ email                  ┆ body                           ┆ body_length │
│ ---     ┆ ---        ┆ ---                            ┆ ---                    ┆ ---                            ┆ ---         │
│ i64     ┆ i64        ┆ str                            ┆ str                    ┆ str                            ┆ u32         │
╞═════════╪════════════╪════════════════════════════════╪════════════════════════╪════════════════════════════════╪═════════════╡
│ 1       ┆ 1          ┆ id labore ex et quam laborum   ┆ Eliseo@gardner.biz     ┆ laudantium enim quasi est      ┆ 148         │
│         ┆            ┆                                ┆                        ┆ quid…                          ┆             │
│ 1       ┆ 2          ┆ quo vero reiciendis velit      ┆ Jayne_Kuhic@sydney.com ┆ est natus enim nihil est       ┆ 168         │
│         ┆            ┆ simi…                          ┆                        ┆ dolor…                         ┆             │
│ 1       ┆ 3          ┆ odio adipisci rerum aut animi  ┆ Nikita@garfield.biz    ┆ quia molestiae reprehenderit   ┆ 218         │
│         ┆            ┆                                ┆                        ┆ q…                             ┆             │
│ 1       ┆ 4          ┆ alias odio sit                 ┆ Lew@alysha.tv          ┆ non et atque                   ┆ 154         │
│         ┆            ┆                                ┆                        ┆ occaecati deserun…             ┆             │
│ 1       ┆ 5          ┆ vero eaque aliquid doloribus   ┆ Hayden@althea.biz      ┆ harum non quasi et ratione     ┆ 132         │
│         ┆            ┆ e…                             ┆                        ┆ tem…                           ┆             │
└─────────┴────────────┴────────────────────────────────┴────────────────────────┴────────────────────────────────┴─────────────┘
2026-04-04 20:08:51 | INFO | CI | Sink: Polars DataFrame created
2026-04-04 20:08:51 | INFO | CI | ========================
2026-04-04 20:08:51 | INFO | CI | STAGE 04: LOAD starting...
2026-04-04 20:08:51 | INFO | CI | ========================
2026-04-04 20:08:51 | INFO | CI | SINK PATH = data/processed/mahesh_processed.csv
2026-04-04 20:08:51 | INFO | CI | ========================
2026-04-04 20:08:51 | INFO | CI | Pipeline executed successfully!
2026-04-04 20:08:51 | INFO | CI | ========================
